<?xml version="1.0" encoding="UTF-8"?>
<testsuite xmlns:xsi="http://www.w3.org/2001/XMLSchema-instance" xsi:noNamespaceSchemaLocation="https://maven.apache.org/surefire/maven-surefire-plugin/xsd/surefire-test-report-3.0.xsd" version="3.0" name="cucumber.Options.TestRunner" time="5.74" tests="1" errors="0" skipped="0" failures="0">
  <properties>
[...]
</properties>
  <testcase name="Verify delete place functionality" classname="Validate Place API" time="5.551">
    <system-out><![CDATA[io.restassured.internal.RestAssuredResponseImpl@7c37f145
io.restassured.internal.RestAssuredResponseImpl@5aa781f2
ANY
io.restassured.internal.RestAssuredResponseImpl@3e28d779
]]></system-out>
    <system-err><![CDATA[Jul 10, 2024 8:42:01 PM io.cucumber.core.options.CucumberPropertiesParser lambda$warnWhenCucumberOptionsIsUsed$2
WARNING: Passing commandline options via the property 'cucumber.options' is no longer supported. Please use individual properties instead. See the java doc on io.cucumber.core.options.Constants for details.
]]></system-err>
  </testcase>
</testsuite>